<?xml version="1.0" encoding="UTF-8"?>
<testng-results skipped="0" failed="0" ignored="0" total="1" passed="1">
  <reporter-output>
  </reporter-output>
  <suite name="Default suite" duration-ms="23788" started-at="2019-06-02T08:12:12Z" finished-at="2019-06-02T08:12:36Z">
    <groups>
    </groups>
    <test name="Default test" duration-ms="23788" started-at="2019-06-02T08:12:12Z" finished-at="2019-06-02T08:12:36Z">
      <class name="test.AddNewTransactionTest">
        <test-method status="PASS" signature="navigateToTransaction()[pri:0, instance:test.AddNewTransactionTest@5ca609]" name="navigateToTransaction" duration-ms="23726" started-at="2019-06-02T03:12:12Z" finished-at="2019-06-02T03:12:36Z">
          <reporter-output>
          </reporter-output>
        </test-method> <!-- navigateToTransaction -->
      </class> <!-- test.AddNewTransactionTest -->
    </test> <!-- Default test -->
  </suite> <!-- Default suite -->
</testng-results>
